<?xml version="1.0" encoding="UTF-8"?>
<!-- Generated by org.testng.reporters.JUnitReportReporter -->
<testsuite hostname="INNODLPPG01GECU" name="Academy.ValidateTitle" tests="1" failures="0" timestamp="19 May 2019 17:34:46 GMT" time="7.890" errors="0">
  <testcase name="basePageNavigation" time="7.890" classname="Academy.ValidateTitle"/>
</testsuite> <!-- Academy.ValidateTitle -->
