<?xml version="1.0" encoding="UTF-8"?>
<!-- Generated by org.testng.reporters.JUnitReportReporter -->
<testsuite hostname="INNODLPPG01GECU" name="Academy.NavigationBar" tests="1" failures="0" timestamp="19 May 2019 17:34:46 GMT" time="9.957" errors="0">
  <testcase name="basePageNavigation" time="9.957" classname="Academy.NavigationBar"/>
</testsuite> <!-- Academy.NavigationBar -->
