<?xml version="1.0" encoding="UTF-8"?>
<!-- Generated by org.testng.reporters.JUnitReportReporter -->
<testsuite hostname="INNODLPPG01GECU" name="Academy.ValidateTitle" tests="1" failures="0" timestamp="27 May 2019 15:54:40 GMT" time="8.876" errors="0">
  <testcase name="basePageNavigation" time="8.876" classname="Academy.ValidateTitle"/>
</testsuite> <!-- Academy.ValidateTitle -->
