<?xml version="1.0" encoding="UTF-8"?>
<!-- Generated by org.testng.reporters.JUnitReportReporter -->
<testsuite hostname="INNODLPPG01GECU" name="Academy.NavigationBar" tests="1" failures="0" timestamp="27 May 2019 15:54:40 GMT" time="12.340" errors="0">
  <testcase name="validateNavigation" time="12.340" classname="Academy.NavigationBar"/>
</testsuite> <!-- Academy.NavigationBar -->
